0 info it worked if it ends with ok
1 verbose cli [ '/usr/bin/nodejs', '/usr/bin/npm', 'i', '-g', 'json' ]
2 info using npm@3.5.2
3 info using node@v4.2.6
4 silly loadCurrentTree Starting
5 silly install loadCurrentTree
6 silly install readGlobalPackageData
7 silly fetchPackageMetaData json
8 silly fetchNamedPackageData json
9 silly mapToRegistry name json
10 silly mapToRegistry using default registry
11 silly mapToRegistry registry https://registry.npmjs.org/
12 silly mapToRegistry uri https://registry.npmjs.org/json
13 verbose request uri https://registry.npmjs.org/json
14 verbose request no auth needed
15 info attempt registry request try #1 at 2:46:42 PM
16 verbose request id 70bdd76f86e0aa06
17 http request GET https://registry.npmjs.org/json
18 http 200 https://registry.npmjs.org/json
19 verbose headers { date: 'Tue, 19 Jun 2018 09:16:44 GMT',
19 verbose headers   'content-type': 'application/json; charset=UTF-8',
19 verbose headers   'transfer-encoding': 'chunked',
19 verbose headers   connection: 'close',
19 verbose headers   'set-cookie': [ '__cfduid=d1e42dc549f67df4eb14d0f51546bcbec1529399804; expires=Wed, 19-Jun-19 09:16:44 GMT; path=/; domain=.registry.npmjs.org; HttpOnly' ],
19 verbose headers   'cache-control': 'max-age=300',
19 verbose headers   'cf-cache-status': 'HIT',
19 verbose headers   'cf-ray': '42d4e60c5fb72f23-DEL',
19 verbose headers   etag: 'W/"19e44fd61262321291be93cce214cad3"',
19 verbose headers   'expect-ct': 'max-age=604800, report-uri="https://report-uri.cloudflare.com/cdn-cgi/beacon/expect-ct"',
19 verbose headers   'last-modified': 'Sun, 27 May 2018 05:41:33 GMT',
19 verbose headers   vary: 'accept-encoding, accept',
19 verbose headers   server: 'cloudflare',
19 verbose headers   'content-encoding': 'gzip' }
20 silly get cb [ 200,
20 silly get   { date: 'Tue, 19 Jun 2018 09:16:44 GMT',
20 silly get     'content-type': 'application/json; charset=UTF-8',
20 silly get     'transfer-encoding': 'chunked',
20 silly get     connection: 'close',
20 silly get     'set-cookie': [ '__cfduid=d1e42dc549f67df4eb14d0f51546bcbec1529399804; expires=Wed, 19-Jun-19 09:16:44 GMT; path=/; domain=.registry.npmjs.org; HttpOnly' ],
20 silly get     'cache-control': 'max-age=300',
20 silly get     'cf-cache-status': 'HIT',
20 silly get     'cf-ray': '42d4e60c5fb72f23-DEL',
20 silly get     etag: 'W/"19e44fd61262321291be93cce214cad3"',
20 silly get     'expect-ct': 'max-age=604800, report-uri="https://report-uri.cloudflare.com/cdn-cgi/beacon/expect-ct"',
20 silly get     'last-modified': 'Sun, 27 May 2018 05:41:33 GMT',
20 silly get     vary: 'accept-encoding, accept',
20 silly get     server: 'cloudflare',
20 silly get     'content-encoding': 'gzip' } ]
21 verbose get saving json to /home/learn/.npm/registry.npmjs.org/json/.cache.json
22 silly install normalizeTree
23 silly loadCurrentTree Finishing
24 silly loadIdealTree Starting
25 silly install loadIdealTree
26 silly cloneCurrentTree Starting
27 silly install cloneCurrentTreeToIdealTree
28 silly cloneCurrentTree Finishing
29 silly loadShrinkwrap Starting
30 silly install loadShrinkwrap
31 silly loadShrinkwrap Finishing
32 silly loadAllDepsIntoIdealTree Starting
33 silly install loadAllDepsIntoIdealTree
34 silly resolveWithNewModule json@9.0.6 checking installable status
35 silly cache add args [ 'json', null ]
36 verbose cache add spec json
37 silly cache add parsed spec Result {
37 silly cache add   raw: 'json',
37 silly cache add   scope: null,
37 silly cache add   name: 'json',
37 silly cache add   rawSpec: '',
37 silly cache add   spec: 'latest',
37 silly cache add   type: 'tag' }
38 silly addNamed json@latest
39 verbose addNamed "latest" is being treated as a dist-tag for json
40 info addNameTag [ 'json', 'latest' ]
41 silly mapToRegistry name json
42 silly mapToRegistry using default registry
43 silly mapToRegistry registry https://registry.npmjs.org/
44 silly mapToRegistry uri https://registry.npmjs.org/json
45 verbose addNameTag registry:https://registry.npmjs.org/json not in flight; fetching
46 verbose get https://registry.npmjs.org/json not expired, no request
47 silly addNameTag next cb for json with tag latest
48 silly addNamed json@9.0.6
49 verbose addNamed "9.0.6" is a plain semver version for json
50 silly mapToRegistry name json
51 silly mapToRegistry using default registry
52 silly mapToRegistry registry https://registry.npmjs.org/
53 silly mapToRegistry uri https://registry.npmjs.org/json
54 verbose addRemoteTarball https://registry.npmjs.org/json/-/json-9.0.6.tgz not in flight; adding
55 verbose addRemoteTarball [ 'https://registry.npmjs.org/json/-/json-9.0.6.tgz',
55 verbose addRemoteTarball   '7972c2a5a48a42678db2730c7c2c4ee6e4e24585' ]
56 info retry fetch attempt 1 at 2:46:45 PM
57 info attempt registry request try #1 at 2:46:45 PM
58 http fetch GET https://registry.npmjs.org/json/-/json-9.0.6.tgz
59 info retry will retry, error on last attempt: Error: read ECONNRESET
60 info attempt registry request try #2 at 2:46:59 PM
61 http fetch GET https://registry.npmjs.org/json/-/json-9.0.6.tgz
62 http fetch 200 https://registry.npmjs.org/json/-/json-9.0.6.tgz
63 silly fetchAndShaCheck shasum 7972c2a5a48a42678db2730c7c2c4ee6e4e24585
64 verbose addTmpTarball /tmp/npm-3583-e3bf55df/registry.npmjs.org/json/-/json-9.0.6.tgz not in flight; adding
65 verbose addTmpTarball already have metadata; skipping unpack for json@9.0.6
66 silly cache afterAdd json@9.0.6
67 verbose afterAdd /home/learn/.npm/json/9.0.6/package/package.json not in flight; writing
68 verbose afterAdd /home/learn/.npm/json/9.0.6/package/package.json written
69 silly loadAllDepsIntoIdealTree Finishing
70 silly idealTree:prePrune lib
70 silly idealTree:prePrune `-- json@9.0.6
71 silly loadIdealTree Finishing
72 silly currentTree lib
73 silly idealTree lib
73 silly idealTree `-- json@9.0.6
74 silly generateActionsToTake Starting
75 silly install generateActionsToTake
76 warn checkPermissions Missing write access to /usr/local/lib
77 silly rollbackFailedOptional Starting
78 silly rollbackFailedOptional Finishing
79 silly runTopLevelLifecycles Starting
80 silly runTopLevelLifecycles Finishing
81 silly install printInstalled
82 verbose stack Error: EACCES: permission denied, access '/usr/local/lib'
82 verbose stack     at Error (native)
83 verbose cwd /home/learn
84 error Linux 4.4.0-128-generic
85 error argv "/usr/bin/nodejs" "/usr/bin/npm" "i" "-g" "json"
86 error node v4.2.6
87 error npm  v3.5.2
88 error path /usr/local/lib
89 error code EACCES
90 error errno -13
91 error syscall access
92 error Error: EACCES: permission denied, access '/usr/local/lib'
92 error     at Error (native)
92 error  { [Error: EACCES: permission denied, access '/usr/local/lib']
92 error   errno: -13,
92 error   code: 'EACCES',
92 error   syscall: 'access',
92 error   path: '/usr/local/lib' }
93 error Please try running this command again as root/Administrator.
94 verbose exit [ -13, true ]
